<?xml version="1.0" encoding="UTF-8"?>
<testsuite name="SimpleTest" tests="2" skipped="0" failures="0" errors="0" timestamp="2018-12-21T18:36:47" hostname="VINDELL-INS" time="0.031">
  <properties/>
  <testcase name="subtract()" classname="SimpleTest" time="0.027"/>
  <testcase name="add()" classname="SimpleTest" time="0.001"/>
  <system-out><![CDATA[]]></system-out>
  <system-err><![CDATA[]]></system-err>
</testsuite>
